# JRE version: OpenJDK Runtime Environment (11.0.15) (build 11.0.15+0-b2043.56-9505619)
# Java VM: OpenJDK 64-Bit Server VM (11.0.15+0-b2043.56-9505619, mixed mode, tiered, compressed oops, g1 gc, windows-amd64)
Heap:
 garbage-first heap   total 212992K, used 59691K [0x0000000085000000, 0x0000000100000000)
  region size 1024K, 7 young (7168K), 7 survivors (7168K)
 Metaspace       used 65193K, capacity 65964K, committed 66256K, reserved 1107968K
  class space    used 7320K, capacity 7643K, committed 7728K, reserved 1048576K
GC Heap History (17 events):
Event: 0.613 GC heap before
{Heap before GC invocations=0 (full 0):
 garbage-first heap   total 126976K, used 28672K [0x0000000085000000, 0x0000000100000000)
  region size 1024K, 24 young (24576K), 0 survivors (0K)
 Metaspace       used 12123K, capacity 12280K, committed 12544K, reserved 1060864K
  class space    used 1118K, capacity 1175K, committed 1280K, reserved 1048576K
}
Event: 0.617 GC heap after
{Heap after GC invocations=1 (full 0):
 garbage-first heap   total 126976K, used 6750K [0x0000000085000000, 0x0000000100000000)
  region size 1024K, 3 young (3072K), 3 survivors (3072K)
 Metaspace       used 12123K, capacity 12280K, committed 12544K, reserved 1060864K
  class space    used 1118K, capacity 1175K, committed 1280K, reserved 1048576K
}
Event: 1.318 GC heap before
{Heap before GC invocations=1 (full 0):
 garbage-first heap   total 126976K, used 45662K [0x0000000085000000, 0x0000000100000000)
  region size 1024K, 42 young (43008K), 3 survivors (3072K)
 Metaspace       used 21046K, capacity 21200K, committed 21296K, reserved 1069056K
  class space    used 2227K, capacity 2308K, committed 2352K, reserved 1048576K
}
Event: 1.331 GC heap after
{Heap after GC invocations=2 (full 0):
 garbage-first heap   total 126976K, used 10551K [0x0000000085000000, 0x0000000100000000)
  region size 1024K, 7 young (7168K), 7 survivors (7168K)
 Metaspace       used 21046K, capacity 21200K, committed 21296K, reserved 1069056K
  class space    used 2227K, capacity 2308K, committed 2352K, reserved 1048576K
}
Event: 2.312 GC heap before
{Heap before GC invocations=3 (full 0):
 garbage-first heap   total 126976K, used 68919K [0x0000000085000000, 0x0000000100000000)
  region size 1024K, 58 young (59392K), 7 survivors (7168K)
 Metaspace       used 32332K, capacity 32804K, committed 32944K, reserved 1077248K
  class space    used 4017K, capacity 4209K, committed 4272K, reserved 1048576K
}
Event: 2.336 GC heap after
{Heap after GC invocations=4 (full 0):
 garbage-first heap   total 126976K, used 23681K [0x0000000085000000, 0x0000000100000000)
  region size 1024K, 8 young (8192K), 8 survivors (8192K)
 Metaspace       used 32332K, capacity 32804K, committed 32944K, reserved 1077248K
  class space    used 4017K, capacity 4209K, committed 4272K, reserved 1048576K
}
Event: 2.593 GC heap before
{Heap before GC invocations=4 (full 0):
 garbage-first heap   total 126976K, used 38017K [0x0000000085000000, 0x0000000100000000)
  region size 1024K, 23 young (23552K), 8 survivors (8192K)
 Metaspace       used 35451K, capacity 35855K, committed 35920K, reserved 1081344K
  class space    used 4339K, capacity 4501K, committed 4528K, reserved 1048576K
}
Event: 2.612 GC heap after
{Heap after GC invocations=5 (full 0):
 garbage-first heap   total 126976K, used 24064K [0x0000000085000000, 0x0000000100000000)
  region size 1024K, 3 young (3072K), 3 survivors (3072K)
 Metaspace       used 35451K, capacity 35855K, committed 35920K, reserved 1081344K
  class space    used 4339K, capacity 4501K, committed 4528K, reserved 1048576K
}
Event: 3.470 GC heap before
{Heap before GC invocations=6 (full 0):
 garbage-first heap   total 126976K, used 69120K [0x0000000085000000, 0x0000000100000000)
  region size 1024K, 47 young (48128K), 3 survivors (3072K)
 Metaspace       used 45067K, capacity 45579K, committed 45904K, reserved 1089536K
  class space    used 5264K, capacity 5475K, committed 5552K, reserved 1048576K
}
Event: 3.484 GC heap after
{Heap after GC invocations=7 (full 0):
 garbage-first heap   total 160768K, used 28160K [0x0000000085000000, 0x0000000100000000)
  region size 1024K, 6 young (6144K), 6 survivors (6144K)
 Metaspace       used 45067K, capacity 45579K, committed 45904K, reserved 1089536K
  class space    used 5264K, capacity 5475K, committed 5552K, reserved 1048576K
}
Event: 4.475 GC heap before
{Heap before GC invocations=7 (full 0):
 garbage-first heap   total 160768K, used 93696K [0x0000000085000000, 0x0000000100000000)
  region size 1024K, 67 young (68608K), 6 survivors (6144K)
 Metaspace       used 50654K, capacity 51134K, committed 51408K, reserved 1095680K
  class space    used 5869K, capacity 6090K, committed 6192K, reserved 1048576K
}
Event: 4.494 GC heap after
{Heap after GC invocations=8 (full 0):
 garbage-first heap   total 160768K, used 36982K [0x0000000085000000, 0x0000000100000000)
  region size 1024K, 9 young (9216K), 9 survivors (9216K)
 Metaspace       used 50654K, capacity 51134K, committed 51408K, reserved 1095680K
  class space    used 5869K, capacity 6090K, committed 6192K, reserved 1048576K
}
Event: 6.150 GC heap before
{Heap before GC invocations=8 (full 0):
 garbage-first heap   total 160768K, used 99446K [0x0000000085000000, 0x0000000100000000)
  region size 1024K, 70 young (71680K), 9 survivors (9216K)
 Metaspace       used 57434K, capacity 58022K, committed 58192K, reserved 1101824K
  class space    used 6486K, capacity 6734K, committed 6832K, reserved 1048576K
}
Event: 6.181 GC heap after
{Heap after GC invocations=9 (full 0):
 garbage-first heap   total 160768K, used 46781K [0x0000000085000000, 0x0000000100000000)
  region size 1024K, 9 young (9216K), 9 survivors (9216K)
 Metaspace       used 57434K, capacity 58022K, committed 58192K, reserved 1101824K
  class space    used 6486K, capacity 6734K, committed 6832K, reserved 1048576K
}
Event: 6.846 GC heap before
{Heap before GC invocations=9 (full 0):
 garbage-first heap   total 160768K, used 89789K [0x0000000085000000, 0x0000000100000000)
  region size 1024K, 52 young (53248K), 9 survivors (9216K)
 Metaspace       used 59454K, capacity 60074K, committed 60240K, reserved 1101824K
  class space    used 6697K, capacity 6948K, committed 7088K, reserved 1048576K
}
Event: 6.886 GC heap after
{Heap after GC invocations=10 (full 0):
 garbage-first heap   total 160768K, used 53210K [0x0000000085000000, 0x0000000100000000)
  region size 1024K, 6 young (6144K), 6 survivors (6144K)
 Metaspace       used 59454K, capacity 60074K, committed 60240K, reserved 1101824K
  class space    used 6697K, capacity 6948K, committed 7088K, reserved 1048576K
}
Event: 9.032 GC heap before
{Heap before GC invocations=11 (full 0):
 garbage-first heap   total 160768K, used 107482K [0x0000000085000000, 0x0000000100000000)
  region size 1024K, 58 young (59392K), 6 survivors (6144K)
 Metaspace       used 65193K, capacity 65964K, committed 66256K, reserved 1107968K
  class space    used 7320K, capacity 7643K, committed 7728K, reserved 1048576K
}

